<?xml version="1.0" encoding="UTF-8"?>
<!-- Generated by org.testng.reporters.JUnitReportReporter -->
<testsuite skipped="0" hostname="LAPTOP-TKEAKD68" name="Prt" tests="1" failures="0" timestamp="28 Aug 2021 13:56:42 GMT" time="6.594" errors="0">
  <testcase name="tr" time="6.594" classname="Prt"/>
</testsuite> <!-- Prt -->
